<!DOCTYPE html PUBLIC "-//W3C//DTD XHTML 1.1//EN" "http://www.w3.org/TR/xhtml11/DTD/xhtml11.dtd">
<html xmlns="http://www.w3.org/1999/xhtml"><head><title>TestNG Report</title><style type="text/css">table {margin-bottom:10px;border-collapse:collapse;empty-cells:show}th,td {border:1px solid #009;padding:.25em .5em}th {vertical-align:bottom}td {vertical-align:top}table a {font-weight:bold}.stripe td {background-color: #E6EBF9}.num {text-align:right}.passedodd td {background-color: #3F3}.passedeven td {background-color: #0A0}.skippedodd td {background-color: #DDD}.skippedeven td {background-color: #CCC}.failedodd td,.attn {background-color: #F33}.failedeven td,.stripe .attn {background-color: #D00}.stacktrace {white-space:pre;font-family:monospace}.totop {font-size:85%;text-align:center;border-bottom:2px solid #000}</style></head><body><table><tr><th>Test</th><th># Passed</th><th># Skipped</th><th># Failed</th><th>Time (ms)</th><th>Included Groups</th><th>Excluded Groups</th></tr><tr><th colspan="7"> SeconeRun.xml Test</th></tr><tr><td><a href="#t0">SeconeRun</a></td><td class="num">4</td><td class="num">0</td><td class="num attn">2</td><td class="num">1,988,600</td><td></td><td></td></tr></table><table><thead><tr><th>Class</th><th>Method</th><th>Start</th><th>Time (ms)</th></tr></thead><tbody><tr><th colspan="4"> SeconeRun.xml Test</th></tr></tbody><tbody id="t0"><tr><th colspan="4">SeconeRun &#8212; failed</th></tr><tr class="failedeven"><td rowspan="2">testcasesRunner.RunXlsLoggerPage</td><td><a href="#m0">testXLSlogger</a></td><td rowspan="2">1467746868553</td><td rowspan="2">36725</td></tr><tr class="failedeven"><td><a href="#m1">testXLSlogger</a></td></tr><tr><th colspan="4">SeconeRun &#8212; passed</th></tr><tr class="passedeven"><td rowspan="4">testcasesRunner.RunPaswrdChangedPage</td><td><a href="#m2">testChangePasswrd</a></td><td rowspan="4">1467746568948</td><td rowspan="4">161242</td></tr><tr class="passedeven"><td><a href="#m3">testChangePasswrd</a></td></tr><tr class="passedeven"><td><a href="#m4">testChangePasswrd</a></td></tr><tr class="passedeven"><td><a href="#m5">testChangePasswrd</a></td></tr></tbody></table><h2>SeconeRun</h2><h3 id="m0">testcasesRunner.RunXlsLoggerPage#testXLSlogger</h3><table class="result"><tr class="param"><th>Parameter #1</th><th>Parameter #2</th><th>Parameter #3</th><th>Parameter #4</th></tr><tr class="param stripe"><td>its.thakur10@gmail.com</td><td>sonsofgod</td><td>segun</td><td>Speed</td></tr><tr><th colspan="4">Exception</th></tr><tr><td colspan="4"><div class="stacktrace">org.openqa.selenium.NoSuchElementException: no such element: Unable to locate element: {&quot;method&quot;:&quot;css selector&quot;,&quot;selector&quot;:&quot;u&quot;}
  (Session info: chrome=51.0.2704.103)
  (Driver info: chromedriver=2.21.371459 (36d3d07f660ff2bc1bf28a75d1cdabed0983e7c4),platform=Windows NT 10.0 x86) (WARNING: The server did not provide any stacktrace information)
Command duration or timeout: 36.72 seconds
For documentation on this error, please visit: http://seleniumhq.org/exceptions/no_such_element.html
Build info: version: &apos;2.46.0&apos;, revision: &apos;87c69e2&apos;, time: &apos;2015-06-04 16:17:10&apos;
System info: host: &apos;User-PC&apos;, ip: &apos;192.168.43.34&apos;, os.name: &apos;Windows 10&apos;, os.arch: &apos;x86&apos;, os.version: &apos;10.0&apos;, java.version: &apos;1.8.0_92&apos;
Driver info: org.openqa.selenium.chrome.ChromeDriver
Capabilities [{applicationCacheEnabled=false, rotatable=false, mobileEmulationEnabled=false, chrome={chromedriverVersion=2.21.371459 (36d3d07f660ff2bc1bf28a75d1cdabed0983e7c4), userDataDir=C:\Users\User\AppData\Local\Temp\scoped_dir7528_21285}, takesHeapSnapshot=true, databaseEnabled=false, handlesAlerts=true, hasTouchScreen=false, version=51.0.2704.103, platform=XP, browserConnectionEnabled=false, nativeEvents=true, acceptSslCerts=true, locationContextEnabled=true, webStorageEnabled=true, browserName=chrome, takesScreenshot=true, javascriptEnabled=true, cssSelectorsEnabled=true}]
Session ID: 71a863275a1a7f486d27bc6a68c3b0d1
*** Element info: {Using=css selector, value=u}
	at org.openqa.selenium.remote.ErrorHandler.createThrowable(ErrorHandler.java:204)
	at org.openqa.selenium.remote.ErrorHandler.throwIfResponseFailed(ErrorHandler.java:156)
	at org.openqa.selenium.remote.RemoteWebDriver.execute(RemoteWebDriver.java:605)
	at org.openqa.selenium.remote.RemoteWebDriver.findElement(RemoteWebDriver.java:358)
	at org.openqa.selenium.remote.RemoteWebDriver.findElementByCssSelector(RemoteWebDriver.java:447)
	at org.openqa.selenium.By$ByCssSelector.findElement(By.java:427)
	at org.openqa.selenium.remote.RemoteWebDriver.findElement(RemoteWebDriver.java:350)
	at testCases.XlsLoginPage.invalidLoggedIn(XlsLoginPage.java:26)
	at testcasesRunner.RunXlsLoggerPage.testXLSlogger(RunXlsLoggerPage.java:23)
... Removed 28 stack frames</div></td></tr></table><p class="totop"><a href="#summary">back to summary</a></p><h3 id="m1">testcasesRunner.RunXlsLoggerPage#testXLSlogger</h3><table class="result"><tr class="param"><th>Parameter #1</th><th>Parameter #2</th><th>Parameter #3</th><th>Parameter #4</th></tr><tr class="param stripe"><td>its.thakur10@gmail.com</td><td>sonsofgod</td><td>Michael</td><td>beloved</td></tr><tr><th colspan="4">Exception</th></tr><tr><td colspan="4"><div class="stacktrace">org.openqa.selenium.NoSuchElementException: no such element: Unable to locate element: {&quot;method&quot;:&quot;css selector&quot;,&quot;selector&quot;:&quot;u&quot;}
  (Session info: chrome=51.0.2704.103)
  (Driver info: chromedriver=2.21.371459 (36d3d07f660ff2bc1bf28a75d1cdabed0983e7c4),platform=Windows NT 10.0 x86) (WARNING: The server did not provide any stacktrace information)
Command duration or timeout: 36.15 seconds
For documentation on this error, please visit: http://seleniumhq.org/exceptions/no_such_element.html
Build info: version: &apos;2.46.0&apos;, revision: &apos;87c69e2&apos;, time: &apos;2015-06-04 16:17:10&apos;
System info: host: &apos;User-PC&apos;, ip: &apos;192.168.43.34&apos;, os.name: &apos;Windows 10&apos;, os.arch: &apos;x86&apos;, os.version: &apos;10.0&apos;, java.version: &apos;1.8.0_92&apos;
Driver info: org.openqa.selenium.chrome.ChromeDriver
Capabilities [{applicationCacheEnabled=false, rotatable=false, mobileEmulationEnabled=false, chrome={chromedriverVersion=2.21.371459 (36d3d07f660ff2bc1bf28a75d1cdabed0983e7c4), userDataDir=C:\Users\User\AppData\Local\Temp\scoped_dir5496_23564}, takesHeapSnapshot=true, databaseEnabled=false, handlesAlerts=true, hasTouchScreen=false, version=51.0.2704.103, platform=XP, browserConnectionEnabled=false, nativeEvents=true, acceptSslCerts=true, locationContextEnabled=true, webStorageEnabled=true, browserName=chrome, takesScreenshot=true, javascriptEnabled=true, cssSelectorsEnabled=true}]
Session ID: b785748f67cbbfbaa930abcb06b232be
*** Element info: {Using=css selector, value=u}
	at org.openqa.selenium.remote.ErrorHandler.createThrowable(ErrorHandler.java:204)
	at org.openqa.selenium.remote.ErrorHandler.throwIfResponseFailed(ErrorHandler.java:156)
	at org.openqa.selenium.remote.RemoteWebDriver.execute(RemoteWebDriver.java:605)
	at org.openqa.selenium.remote.RemoteWebDriver.findElement(RemoteWebDriver.java:358)
	at org.openqa.selenium.remote.RemoteWebDriver.findElementByCssSelector(RemoteWebDriver.java:447)
	at org.openqa.selenium.By$ByCssSelector.findElement(By.java:427)
	at org.openqa.selenium.remote.RemoteWebDriver.findElement(RemoteWebDriver.java:350)
	at testCases.XlsLoginPage.invalidLoggedIn(XlsLoginPage.java:26)
	at testcasesRunner.RunXlsLoggerPage.testXLSlogger(RunXlsLoggerPage.java:23)
... Removed 28 stack frames</div></td></tr></table><p class="totop"><a href="#summary">back to summary</a></p><h3 id="m2">testcasesRunner.RunPaswrdChangedPage#testChangePasswrd</h3><table class="result"><tr class="param"><th>Parameter #1</th><th>Parameter #2</th><th>Parameter #3</th><th>Parameter #4</th><th>Parameter #5</th></tr><tr class="param stripe"><td>its.thakur10@gmail.com</td><td>ashish123</td><td>ashish123</td><td>sonsofgod</td><td>sonsofgod</td></tr></table><p class="totop"><a href="#summary">back to summary</a></p><h3 id="m3">testcasesRunner.RunPaswrdChangedPage#testChangePasswrd</h3><table class="result"><tr class="param"><th>Parameter #1</th><th>Parameter #2</th><th>Parameter #3</th><th>Parameter #4</th><th>Parameter #5</th></tr><tr class="param stripe"><td>its.thakur10@gmail.com</td><td>sonsofgod</td><td>sonsofgod</td><td>ashish123</td><td>ashish123</td></tr></table><p class="totop"><a href="#summary">back to summary</a></p><h3 id="m4">testcasesRunner.RunPaswrdChangedPage#testChangePasswrd</h3><table class="result"><tr class="param"><th>Parameter #1</th><th>Parameter #2</th><th>Parameter #3</th><th>Parameter #4</th><th>Parameter #5</th></tr><tr class="param stripe"><td>its.thakur10@gmail.com</td><td>sonsofgod</td><td>sonsofgod</td><td>ashish123</td><td>ashish123</td></tr></table><p class="totop"><a href="#summary">back to summary</a></p><h3 id="m5">testcasesRunner.RunPaswrdChangedPage#testChangePasswrd</h3><table class="result"><tr class="param"><th>Parameter #1</th><th>Parameter #2</th><th>Parameter #3</th><th>Parameter #4</th><th>Parameter #5</th></tr><tr class="param stripe"><td>its.thakur10@gmail.com</td><td>ashish123</td><td>ashish123</td><td>sonsofgod</td><td>sonsofgod</td></tr></table><p class="totop"><a href="#summary">back to summary</a></p></body></html>